<?xml version="1.0" encoding="UTF-8"?>
<testsuite xmlns:xsi="http://www.w3.org/2001/XMLSchema-instance" xsi:noNamespaceSchemaLocation="https://maven.apache.org/surefire/maven-surefire-plugin/xsd/surefire-test-report-3.0.xsd" version="3.0" name="TestSuite" time="141.941" tests="6" errors="0" skipped="0" failures="0">
  <properties>
    <property name="java.specification.version" value="15"/>
    <property name="sun.cpu.isalist" value="amd64"/>
    <property name="sun.jnu.encoding" value="Cp1252"/>
    <property name="java.class.path" value="E:\SeleniumProjects\NaukriApiMvn1\target\test-classes;E:\SeleniumProjects\NaukriApiMvn1\target\classes;E:\CommonSetup\MavenLocalRepository\org\seleniumhq\selenium\selenium-java\4.20.0\selenium-java-4.20.0.jar;E:\CommonSetup\MavenLocalRepository\org\seleniumhq\selenium\selenium-api\4.20.0\selenium-api-4.20.0.jar;E:\CommonSetup\MavenLocalRepository\org\seleniumhq\selenium\selenium-chrome-driver\4.20.0\selenium-chrome-driver-4.20.0.jar;E:\CommonSetup\MavenLocalRepository\com\google\auto\service\auto-service-annotations\1.1.1\auto-service-annotations-1.1.1.jar;E:\CommonSetup\MavenLocalRepository\org\seleniumhq\selenium\selenium-chromium-driver\4.20.0\selenium-chromium-driver-4.20.0.jar;E:\CommonSetup\MavenLocalRepository\org\seleniumhq\selenium\selenium-json\4.20.0\selenium-json-4.20.0.jar;E:\CommonSetup\MavenLocalRepository\org\seleniumhq\selenium\selenium-manager\4.20.0\selenium-manager-4.20.0.jar;E:\CommonSetup\MavenLocalRepository\org\seleniumhq\selenium\selenium-devtools-v122\4.20.0\selenium-devtools-v122-4.20.0.jar;E:\CommonSetup\MavenLocalRepository\org\seleniumhq\selenium\selenium-devtools-v123\4.20.0\selenium-devtools-v123-4.20.0.jar;E:\CommonSetup\MavenLocalRepository\org\seleniumhq\selenium\selenium-devtools-v124\4.20.0\selenium-devtools-v124-4.20.0.jar;E:\CommonSetup\MavenLocalRepository\org\seleniumhq\selenium\selenium-devtools-v85\4.20.0\selenium-devtools-v85-4.20.0.jar;E:\CommonSetup\MavenLocalRepository\org\seleniumhq\selenium\selenium-edge-driver\4.20.0\selenium-edge-driver-4.20.0.jar;E:\CommonSetup\MavenLocalRepository\org\seleniumhq\selenium\selenium-firefox-driver\4.20.0\selenium-firefox-driver-4.20.0.jar;E:\CommonSetup\MavenLocalRepository\org\seleniumhq\selenium\selenium-http\4.20.0\selenium-http-4.20.0.jar;E:\CommonSetup\MavenLocalRepository\dev\failsafe\failsafe\3.3.2\failsafe-3.3.2.jar;E:\CommonSetup\MavenLocalRepository\org\seleniumhq\selenium\selenium-ie-driver\4.20.0\selenium-ie-driver-4.20.0.jar;E:\CommonSetup\MavenLocalRepository\org\seleniumhq\selenium\selenium-remote-driver\4.20.0\selenium-remote-driver-4.20.0.jar;E:\CommonSetup\MavenLocalRepository\com\google\guava\guava\33.1.0-jre\guava-33.1.0-jre.jar;E:\CommonSetup\MavenLocalRepository\com\google\guava\failureaccess\1.0.2\failureaccess-1.0.2.jar;E:\CommonSetup\MavenLocalRepository\com\google\guava\listenablefuture\9999.0-empty-to-avoid-conflict-with-guava\listenablefuture-9999.0-empty-to-avoid-conflict-with-guava.jar;E:\CommonSetup\MavenLocalRepository\com\google\code\findbugs\jsr305\3.0.2\jsr305-3.0.2.jar;E:\CommonSetup\MavenLocalRepository\org\checkerframework\checker-qual\3.42.0\checker-qual-3.42.0.jar;E:\CommonSetup\MavenLocalRepository\com\google\errorprone\error_prone_annotations\2.26.1\error_prone_annotations-2.26.1.jar;E:\CommonSetup\MavenLocalRepository\com\google\j2objc\j2objc-annotations\3.0.0\j2objc-annotations-3.0.0.jar;E:\CommonSetup\MavenLocalRepository\io\opentelemetry\semconv\opentelemetry-semconv\1.25.0-alpha\opentelemetry-semconv-1.25.0-alpha.jar;E:\CommonSetup\MavenLocalRepository\io\opentelemetry\opentelemetry-api\1.37.0\opentelemetry-api-1.37.0.jar;E:\CommonSetup\MavenLocalRepository\io\opentelemetry\opentelemetry-context\1.37.0\opentelemetry-context-1.37.0.jar;E:\CommonSetup\MavenLocalRepository\io\opentelemetry\opentelemetry-exporter-logging\1.37.0\opentelemetry-exporter-logging-1.37.0.jar;E:\CommonSetup\MavenLocalRepository\io\opentelemetry\opentelemetry-sdk-common\1.37.0\opentelemetry-sdk-common-1.37.0.jar;E:\CommonSetup\MavenLocalRepository\io\opentelemetry\opentelemetry-sdk-extension-autoconfigure-spi\1.37.0\opentelemetry-sdk-extension-autoconfigure-spi-1.37.0.jar;E:\CommonSetup\MavenLocalRepository\io\opentelemetry\opentelemetry-sdk-extension-autoconfigure\1.37.0\opentelemetry-sdk-extension-autoconfigure-1.37.0.jar;E:\CommonSetup\MavenLocalRepository\io\opentelemetry\opentelemetry-api-incubator\1.37.0-alpha\opentelemetry-api-incubator-1.37.0-alpha.jar;E:\CommonSetup\MavenLocalRepository\io\opentelemetry\opentelemetry-sdk-trace\1.37.0\opentelemetry-sdk-trace-1.37.0.jar;E:\CommonSetup\MavenLocalRepository\io\opentelemetry\opentelemetry-sdk\1.37.0\opentelemetry-sdk-1.37.0.jar;E:\CommonSetup\MavenLocalRepository\io\opentelemetry\opentelemetry-sdk-metrics\1.37.0\opentelemetry-sdk-metrics-1.37.0.jar;E:\CommonSetup\MavenLocalRepository\io\opentelemetry\opentelemetry-sdk-logs\1.37.0\opentelemetry-sdk-logs-1.37.0.jar;E:\CommonSetup\MavenLocalRepository\net\bytebuddy\byte-buddy\1.14.14\byte-buddy-1.14.14.jar;E:\CommonSetup\MavenLocalRepository\org\seleniumhq\selenium\selenium-os\4.20.0\selenium-os-4.20.0.jar;E:\CommonSetup\MavenLocalRepository\org\apache\commons\commons-exec\1.4.0\commons-exec-1.4.0.jar;E:\CommonSetup\MavenLocalRepository\org\seleniumhq\selenium\selenium-safari-driver\4.20.0\selenium-safari-driver-4.20.0.jar;E:\CommonSetup\MavenLocalRepository\org\seleniumhq\selenium\selenium-support\4.20.0\selenium-support-4.20.0.jar;E:\CommonSetup\MavenLocalRepository\org\testng\testng\7.10.2\testng-7.10.2.jar;E:\CommonSetup\MavenLocalRepository\org\slf4j\slf4j-api\1.7.36\slf4j-api-1.7.36.jar;E:\CommonSetup\MavenLocalRepository\com\beust\jcommander\1.82\jcommander-1.82.jar;E:\CommonSetup\MavenLocalRepository\org\webjars\jquery\3.7.1\jquery-3.7.1.jar;E:\CommonSetup\MavenLocalRepository\org\apache\poi\poi\5.2.5\poi-5.2.5.jar;E:\CommonSetup\MavenLocalRepository\commons-codec\commons-codec\1.16.0\commons-codec-1.16.0.jar;E:\CommonSetup\MavenLocalRepository\org\apache\commons\commons-collections4\4.4\commons-collections4-4.4.jar;E:\CommonSetup\MavenLocalRepository\org\apache\commons\commons-math3\3.6.1\commons-math3-3.6.1.jar;E:\CommonSetup\MavenLocalRepository\commons-io\commons-io\2.15.0\commons-io-2.15.0.jar;E:\CommonSetup\MavenLocalRepository\com\zaxxer\SparseBitSet\1.3\SparseBitSet-1.3.jar;E:\CommonSetup\MavenLocalRepository\org\apache\logging\log4j\log4j-api\2.21.1\log4j-api-2.21.1.jar;E:\CommonSetup\MavenLocalRepository\org\apache\poi\poi-ooxml\5.2.5\poi-ooxml-5.2.5.jar;E:\CommonSetup\MavenLocalRepository\org\apache\poi\poi-ooxml-lite\5.2.5\poi-ooxml-lite-5.2.5.jar;E:\CommonSetup\MavenLocalRepository\org\apache\xmlbeans\xmlbeans\5.2.0\xmlbeans-5.2.0.jar;E:\CommonSetup\MavenLocalRepository\org\apache\commons\commons-compress\1.25.0\commons-compress-1.25.0.jar;E:\CommonSetup\MavenLocalRepository\com\github\virtuald\curvesapi\1.08\curvesapi-1.08.jar;E:\CommonSetup\MavenLocalRepository\com\googlecode\json-simple\json-simple\1.1.1\json-simple-1.1.1.jar;E:\CommonSetup\MavenLocalRepository\junit\junit\4.10\junit-4.10.jar;E:\CommonSetup\MavenLocalRepository\org\hamcrest\hamcrest-core\1.1\hamcrest-core-1.1.jar;E:\CommonSetup\MavenLocalRepository\log4j\log4j\1.2.17\log4j-1.2.17.jar;E:\CommonSetup\MavenLocalRepository\com\aventstack\extentreports\5.1.1\extentreports-5.1.1.jar;E:\CommonSetup\MavenLocalRepository\io\reactivex\rxjava3\rxjava\3.1.6\rxjava-3.1.6.jar;E:\CommonSetup\MavenLocalRepository\org\reactivestreams\reactive-streams\1.0.4\reactive-streams-1.0.4.jar;E:\CommonSetup\MavenLocalRepository\org\freemarker\freemarker\2.3.32\freemarker-2.3.32.jar;E:\CommonSetup\MavenLocalRepository\org\projectlombok\lombok\1.18.26\lombok-1.18.26.jar;E:\CommonSetup\MavenLocalRepository\com\google\code\gson\gson\2.10.1\gson-2.10.1.jar;E:\CommonSetup\MavenLocalRepository\io\rest-assured\rest-assured\5.4.0\rest-assured-5.4.0.jar;E:\CommonSetup\MavenLocalRepository\org\apache\groovy\groovy\4.0.16\groovy-4.0.16.jar;E:\CommonSetup\MavenLocalRepository\org\apache\groovy\groovy-xml\4.0.16\groovy-xml-4.0.16.jar;E:\CommonSetup\MavenLocalRepository\org\apache\httpcomponents\httpclient\4.5.13\httpclient-4.5.13.jar;E:\CommonSetup\MavenLocalRepository\org\apache\httpcomponents\httpcore\4.4.13\httpcore-4.4.13.jar;E:\CommonSetup\MavenLocalRepository\commons-logging\commons-logging\1.2\commons-logging-1.2.jar;E:\CommonSetup\MavenLocalRepository\org\apache\httpcomponents\httpmime\4.5.13\httpmime-4.5.13.jar;E:\CommonSetup\MavenLocalRepository\org\hamcrest\hamcrest\2.2\hamcrest-2.2.jar;E:\CommonSetup\MavenLocalRepository\org\ccil\cowan\tagsoup\tagsoup\1.2.1\tagsoup-1.2.1.jar;E:\CommonSetup\MavenLocalRepository\io\rest-assured\json-path\5.4.0\json-path-5.4.0.jar;E:\CommonSetup\MavenLocalRepository\org\apache\groovy\groovy-json\4.0.16\groovy-json-4.0.16.jar;E:\CommonSetup\MavenLocalRepository\io\rest-assured\rest-assured-common\5.4.0\rest-assured-common-5.4.0.jar;E:\CommonSetup\MavenLocalRepository\io\rest-assured\xml-path\5.4.0\xml-path-5.4.0.jar;E:\CommonSetup\MavenLocalRepository\org\apache\commons\commons-lang3\3.11\commons-lang3-3.11.jar;E:\CommonSetup\MavenLocalRepository\com\oracle\database\jdbc\ojdbc10\19.23.0.0\ojdbc10-19.23.0.0.jar;E:\CommonSetup\MavenLocalRepository\org\apache\commons\commons-email\1.6.0\commons-email-1.6.0.jar;E:\CommonSetup\MavenLocalRepository\com\sun\mail\jakarta.mail\1.6.7\jakarta.mail-1.6.7.jar;E:\CommonSetup\MavenLocalRepository\com\sun\activation\jakarta.activation\1.2.1\jakarta.activation-1.2.1.jar;"/>
    <property name="java.vm.vendor" value="Oracle Corporation"/>
    <property name="sun.arch.data.model" value="64"/>
    <property name="user.variant" value=""/>
    <property name="java.vendor.url" value="https://java.oracle.com/"/>
    <property name="user.timezone" value="Asia/Calcutta"/>
    <property name="os.name" value="Windows 10"/>
    <property name="java.vm.specification.version" value="15"/>
    <property name="sun.java.launcher" value="SUN_STANDARD"/>
    <property name="user.country" value="IN"/>
    <property name="sun.boot.library.path" value="C:\Program Files\Java\jdk-15.0.1\bin"/>
    <property name="sun.java.command" value="C:\Users\Kedar Datar\AppData\Local\Temp\surefire5910135392981296096\surefirebooter-20250113161634370_3.jar C:\Users\Kedar Datar\AppData\Local\Temp\surefire5910135392981296096 2025-01-13T16-16-33_789-jvmRun1 surefire-20250113161634370_1tmp surefire_0-20250113161634370_2tmp"/>
    <property name="jdk.debug" value="release"/>
    <property name="surefire.test.class.path" value="E:\SeleniumProjects\NaukriApiMvn1\target\test-classes;E:\SeleniumProjects\NaukriApiMvn1\target\classes;E:\CommonSetup\MavenLocalRepository\org\seleniumhq\selenium\selenium-java\4.20.0\selenium-java-4.20.0.jar;E:\CommonSetup\MavenLocalRepository\org\seleniumhq\selenium\selenium-api\4.20.0\selenium-api-4.20.0.jar;E:\CommonSetup\MavenLocalRepository\org\seleniumhq\selenium\selenium-chrome-driver\4.20.0\selenium-chrome-driver-4.20.0.jar;E:\CommonSetup\MavenLocalRepository\com\google\auto\service\auto-service-annotations\1.1.1\auto-service-annotations-1.1.1.jar;E:\CommonSetup\MavenLocalRepository\org\seleniumhq\selenium\selenium-chromium-driver\4.20.0\selenium-chromium-driver-4.20.0.jar;E:\CommonSetup\MavenLocalRepository\org\seleniumhq\selenium\selenium-json\4.20.0\selenium-json-4.20.0.jar;E:\CommonSetup\MavenLocalRepository\org\seleniumhq\selenium\selenium-manager\4.20.0\selenium-manager-4.20.0.jar;E:\CommonSetup\MavenLocalRepository\org\seleniumhq\selenium\selenium-devtools-v122\4.20.0\selenium-devtools-v122-4.20.0.jar;E:\CommonSetup\MavenLocalRepository\org\seleniumhq\selenium\selenium-devtools-v123\4.20.0\selenium-devtools-v123-4.20.0.jar;E:\CommonSetup\MavenLocalRepository\org\seleniumhq\selenium\selenium-devtools-v124\4.20.0\selenium-devtools-v124-4.20.0.jar;E:\CommonSetup\MavenLocalRepository\org\seleniumhq\selenium\selenium-devtools-v85\4.20.0\selenium-devtools-v85-4.20.0.jar;E:\CommonSetup\MavenLocalRepository\org\seleniumhq\selenium\selenium-edge-driver\4.20.0\selenium-edge-driver-4.20.0.jar;E:\CommonSetup\MavenLocalRepository\org\seleniumhq\selenium\selenium-firefox-driver\4.20.0\selenium-firefox-driver-4.20.0.jar;E:\CommonSetup\MavenLocalRepository\org\seleniumhq\selenium\selenium-http\4.20.0\selenium-http-4.20.0.jar;E:\CommonSetup\MavenLocalRepository\dev\failsafe\failsafe\3.3.2\failsafe-3.3.2.jar;E:\CommonSetup\MavenLocalRepository\org\seleniumhq\selenium\selenium-ie-driver\4.20.0\selenium-ie-driver-4.20.0.jar;E:\CommonSetup\MavenLocalRepository\org\seleniumhq\selenium\selenium-remote-driver\4.20.0\selenium-remote-driver-4.20.0.jar;E:\CommonSetup\MavenLocalRepository\com\google\guava\guava\33.1.0-jre\guava-33.1.0-jre.jar;E:\CommonSetup\MavenLocalRepository\com\google\guava\failureaccess\1.0.2\failureaccess-1.0.2.jar;E:\CommonSetup\MavenLocalRepository\com\google\guava\listenablefuture\9999.0-empty-to-avoid-conflict-with-guava\listenablefuture-9999.0-empty-to-avoid-conflict-with-guava.jar;E:\CommonSetup\MavenLocalRepository\com\google\code\findbugs\jsr305\3.0.2\jsr305-3.0.2.jar;E:\CommonSetup\MavenLocalRepository\org\checkerframework\checker-qual\3.42.0\checker-qual-3.42.0.jar;E:\CommonSetup\MavenLocalRepository\com\google\errorprone\error_prone_annotations\2.26.1\error_prone_annotations-2.26.1.jar;E:\CommonSetup\MavenLocalRepository\com\google\j2objc\j2objc-annotations\3.0.0\j2objc-annotations-3.0.0.jar;E:\CommonSetup\MavenLocalRepository\io\opentelemetry\semconv\opentelemetry-semconv\1.25.0-alpha\opentelemetry-semconv-1.25.0-alpha.jar;E:\CommonSetup\MavenLocalRepository\io\opentelemetry\opentelemetry-api\1.37.0\opentelemetry-api-1.37.0.jar;E:\CommonSetup\MavenLocalRepository\io\opentelemetry\opentelemetry-context\1.37.0\opentelemetry-context-1.37.0.jar;E:\CommonSetup\MavenLocalRepository\io\opentelemetry\opentelemetry-exporter-logging\1.37.0\opentelemetry-exporter-logging-1.37.0.jar;E:\CommonSetup\MavenLocalRepository\io\opentelemetry\opentelemetry-sdk-common\1.37.0\opentelemetry-sdk-common-1.37.0.jar;E:\CommonSetup\MavenLocalRepository\io\opentelemetry\opentelemetry-sdk-extension-autoconfigure-spi\1.37.0\opentelemetry-sdk-extension-autoconfigure-spi-1.37.0.jar;E:\CommonSetup\MavenLocalRepository\io\opentelemetry\opentelemetry-sdk-extension-autoconfigure\1.37.0\opentelemetry-sdk-extension-autoconfigure-1.37.0.jar;E:\CommonSetup\MavenLocalRepository\io\opentelemetry\opentelemetry-api-incubator\1.37.0-alpha\opentelemetry-api-incubator-1.37.0-alpha.jar;E:\CommonSetup\MavenLocalRepository\io\opentelemetry\opentelemetry-sdk-trace\1.37.0\opentelemetry-sdk-trace-1.37.0.jar;E:\CommonSetup\MavenLocalRepository\io\opentelemetry\opentelemetry-sdk\1.37.0\opentelemetry-sdk-1.37.0.jar;E:\CommonSetup\MavenLocalRepository\io\opentelemetry\opentelemetry-sdk-metrics\1.37.0\opentelemetry-sdk-metrics-1.37.0.jar;E:\CommonSetup\MavenLocalRepository\io\opentelemetry\opentelemetry-sdk-logs\1.37.0\opentelemetry-sdk-logs-1.37.0.jar;E:\CommonSetup\MavenLocalRepository\net\bytebuddy\byte-buddy\1.14.14\byte-buddy-1.14.14.jar;E:\CommonSetup\MavenLocalRepository\org\seleniumhq\selenium\selenium-os\4.20.0\selenium-os-4.20.0.jar;E:\CommonSetup\MavenLocalRepository\org\apache\commons\commons-exec\1.4.0\commons-exec-1.4.0.jar;E:\CommonSetup\MavenLocalRepository\org\seleniumhq\selenium\selenium-safari-driver\4.20.0\selenium-safari-driver-4.20.0.jar;E:\CommonSetup\MavenLocalRepository\org\seleniumhq\selenium\selenium-support\4.20.0\selenium-support-4.20.0.jar;E:\CommonSetup\MavenLocalRepository\org\testng\testng\7.10.2\testng-7.10.2.jar;E:\CommonSetup\MavenLocalRepository\org\slf4j\slf4j-api\1.7.36\slf4j-api-1.7.36.jar;E:\CommonSetup\MavenLocalRepository\com\beust\jcommander\1.82\jcommander-1.82.jar;E:\CommonSetup\MavenLocalRepository\org\webjars\jquery\3.7.1\jquery-3.7.1.jar;E:\CommonSetup\MavenLocalRepository\org\apache\poi\poi\5.2.5\poi-5.2.5.jar;E:\CommonSetup\MavenLocalRepository\commons-codec\commons-codec\1.16.0\commons-codec-1.16.0.jar;E:\CommonSetup\MavenLocalRepository\org\apache\commons\commons-collections4\4.4\commons-collections4-4.4.jar;E:\CommonSetup\MavenLocalRepository\org\apache\commons\commons-math3\3.6.1\commons-math3-3.6.1.jar;E:\CommonSetup\MavenLocalRepository\commons-io\commons-io\2.15.0\commons-io-2.15.0.jar;E:\CommonSetup\MavenLocalRepository\com\zaxxer\SparseBitSet\1.3\SparseBitSet-1.3.jar;E:\CommonSetup\MavenLocalRepository\org\apache\logging\log4j\log4j-api\2.21.1\log4j-api-2.21.1.jar;E:\CommonSetup\MavenLocalRepository\org\apache\poi\poi-ooxml\5.2.5\poi-ooxml-5.2.5.jar;E:\CommonSetup\MavenLocalRepository\org\apache\poi\poi-ooxml-lite\5.2.5\poi-ooxml-lite-5.2.5.jar;E:\CommonSetup\MavenLocalRepository\org\apache\xmlbeans\xmlbeans\5.2.0\xmlbeans-5.2.0.jar;E:\CommonSetup\MavenLocalRepository\org\apache\commons\commons-compress\1.25.0\commons-compress-1.25.0.jar;E:\CommonSetup\MavenLocalRepository\com\github\virtuald\curvesapi\1.08\curvesapi-1.08.jar;E:\CommonSetup\MavenLocalRepository\com\googlecode\json-simple\json-simple\1.1.1\json-simple-1.1.1.jar;E:\CommonSetup\MavenLocalRepository\junit\junit\4.10\junit-4.10.jar;E:\CommonSetup\MavenLocalRepository\org\hamcrest\hamcrest-core\1.1\hamcrest-core-1.1.jar;E:\CommonSetup\MavenLocalRepository\log4j\log4j\1.2.17\log4j-1.2.17.jar;E:\CommonSetup\MavenLocalRepository\com\aventstack\extentreports\5.1.1\extentreports-5.1.1.jar;E:\CommonSetup\MavenLocalRepository\io\reactivex\rxjava3\rxjava\3.1.6\rxjava-3.1.6.jar;E:\CommonSetup\MavenLocalRepository\org\reactivestreams\reactive-streams\1.0.4\reactive-streams-1.0.4.jar;E:\CommonSetup\MavenLocalRepository\org\freemarker\freemarker\2.3.32\freemarker-2.3.32.jar;E:\CommonSetup\MavenLocalRepository\org\projectlombok\lombok\1.18.26\lombok-1.18.26.jar;E:\CommonSetup\MavenLocalRepository\com\google\code\gson\gson\2.10.1\gson-2.10.1.jar;E:\CommonSetup\MavenLocalRepository\io\rest-assured\rest-assured\5.4.0\rest-assured-5.4.0.jar;E:\CommonSetup\MavenLocalRepository\org\apache\groovy\groovy\4.0.16\groovy-4.0.16.jar;E:\CommonSetup\MavenLocalRepository\org\apache\groovy\groovy-xml\4.0.16\groovy-xml-4.0.16.jar;E:\CommonSetup\MavenLocalRepository\org\apache\httpcomponents\httpclient\4.5.13\httpclient-4.5.13.jar;E:\CommonSetup\MavenLocalRepository\org\apache\httpcomponents\httpcore\4.4.13\httpcore-4.4.13.jar;E:\CommonSetup\MavenLocalRepository\commons-logging\commons-logging\1.2\commons-logging-1.2.jar;E:\CommonSetup\MavenLocalRepository\org\apache\httpcomponents\httpmime\4.5.13\httpmime-4.5.13.jar;E:\CommonSetup\MavenLocalRepository\org\hamcrest\hamcrest\2.2\hamcrest-2.2.jar;E:\CommonSetup\MavenLocalRepository\org\ccil\cowan\tagsoup\tagsoup\1.2.1\tagsoup-1.2.1.jar;E:\CommonSetup\MavenLocalRepository\io\rest-assured\json-path\5.4.0\json-path-5.4.0.jar;E:\CommonSetup\MavenLocalRepository\org\apache\groovy\groovy-json\4.0.16\groovy-json-4.0.16.jar;E:\CommonSetup\MavenLocalRepository\io\rest-assured\rest-assured-common\5.4.0\rest-assured-common-5.4.0.jar;E:\CommonSetup\MavenLocalRepository\io\rest-assured\xml-path\5.4.0\xml-path-5.4.0.jar;E:\CommonSetup\MavenLocalRepository\org\apache\commons\commons-lang3\3.11\commons-lang3-3.11.jar;E:\CommonSetup\MavenLocalRepository\com\oracle\database\jdbc\ojdbc10\19.23.0.0\ojdbc10-19.23.0.0.jar;E:\CommonSetup\MavenLocalRepository\org\apache\commons\commons-email\1.6.0\commons-email-1.6.0.jar;E:\CommonSetup\MavenLocalRepository\com\sun\mail\jakarta.mail\1.6.7\jakarta.mail-1.6.7.jar;E:\CommonSetup\MavenLocalRepository\com\sun\activation\jakarta.activation\1.2.1\jakarta.activation-1.2.1.jar;"/>
    <property name="sun.cpu.endian" value="little"/>
    <property name="user.home" value="C:\Users\Kedar Datar"/>
    <property name="user.language" value="en"/>
    <property name="java.specification.vendor" value="Oracle Corporation"/>
    <property name="java.version.date" value="2020-10-20"/>
    <property name="java.home" value="C:\Program Files\Java\jdk-15.0.1"/>
    <property name="file.separator" value="\"/>
    <property name="basedir" value="E:\SeleniumProjects\NaukriApiMvn1"/>
    <property name="java.vm.compressedOopsMode" value="32-bit"/>
    <property name="line.separator" value="&#10;"/>
    <property name="java.vm.specification.vendor" value="Oracle Corporation"/>
    <property name="java.specification.name" value="Java Platform API Specification"/>
    <property name="surefire.real.class.path" value="C:\Users\Kedar Datar\AppData\Local\Temp\surefire5910135392981296096\surefirebooter-20250113161634370_3.jar"/>
    <property name="user.script" value=""/>
    <property name="sun.management.compiler" value="HotSpot 64-Bit Tiered Compilers"/>
    <property name="java.runtime.version" value="15.0.1+9-18"/>
    <property name="user.name" value="Kedar Datar"/>
    <property name="path.separator" value=";"/>
    <property name="os.version" value="10.0"/>
    <property name="java.runtime.name" value="Java(TM) SE Runtime Environment"/>
    <property name="file.encoding" value="Cp1252"/>
    <property name="java.vm.name" value="Java HotSpot(TM) 64-Bit Server VM"/>
    <property name="localRepository" value="E:\CommonSetup\MavenLocalRepository"/>
    <property name="java.vendor.url.bug" value="https://bugreport.java.com/bugreport/"/>
    <property name="java.io.tmpdir" value="C:\Users\KEDARD~1\AppData\Local\Temp\"/>
    <property name="java.version" value="15.0.1"/>
    <property name="user.dir" value="E:\SeleniumProjects\NaukriApiMvn1"/>
    <property name="os.arch" value="amd64"/>
    <property name="java.vm.specification.name" value="Java Virtual Machine Specification"/>
    <property name="sun.os.patch.level" value=""/>
    <property name="java.library.path" value="C:\Program Files\Java\jdk-15.0.1\bin;C:\windows\Sun\Java\bin;C:\windows\system32;C:\windows;C:\Python313\Scripts\;C:\Python313\;C:\oraclexe\app\oracle\product\11.2.0\server\bin;C:\Program Files\Common Files\Oracle\Java\javapath;C:\Program Files (x86)\Common Files\Oracle\Java\javapath;C:\windows\system32;C:\windows;C:\windows\System32\Wbem;C:\windows\System32\WindowsPowerShell\v1.0\;C:\windows\System32\OpenSSH\;C:\Program Files\Java\jdk-15.0.1\bin;&quot;C:\Program Files\Java\jdk-15.0.1\bin;&quot;;C:\ProgramData\chocolatey\bin;C:\Program Files\Git\cmd;C:\Program Files\nodejs\;C:\Users\Kedar Datar\AppData\Local\Programs\Python\Python39\Scripts\;C:\Users\Kedar Datar\AppData\Local\Programs\Python\Python39\;C:\Users\Kedar Datar\AppData\Local\Microsoft\WindowsApps;C:\Program Files\Java\jdk-15.0.1\bin;C:\Users\Kedar Datar\AppData\Local\GitHubDesktop\bin;E:\CommonSetup\apache-maven-3.6.3-bin\apache-maven-3.6.3\bin;C:\Program Files\Java\jdk-15.0.1\bin;C:\Users\Kedar Datar\AppData\Local\Programs\Microsoft VS Code\bin;C:\Users\Kedar Datar\AppData\Roaming\npm;."/>
    <property name="java.vm.info" value="mixed mode, sharing"/>
    <property name="java.vendor" value="Oracle Corporation"/>
    <property name="java.vm.version" value="15.0.1+9-18"/>
    <property name="sun.io.unicode.encoding" value="UnicodeLittle"/>
    <property name="java.class.version" value="59.0"/>
  </properties>
  <testcase name="TC_001_Run" classname="actionsteps.Driver" time="1.506">
    <system-out><![CDATA[browser = chrome
GMailFrom = kdatar57@gmail.com
GmailId = kdatar57
GmailIdPwd = gsif usxa bxns gczq
DBUserName = SYSTEM
DBPassword = Oracle_11g
Info --> Config VBS File Read Successfully
Info --> Before Test : All Folders Created And Logger
Info --> Test Start : TC_001_Run
Passed --> Input Jobs And Email Recipient Read Successfully
Passed --> Test Success : TC_001_Run
]]></system-out>
    <system-err><![CDATA[SLF4J: Failed to load class "org.slf4j.impl.StaticLoggerBinder".
SLF4J: Defaulting to no-operation (NOP) logger implementation
SLF4J: See http://www.slf4j.org/codes.html#StaticLoggerBinder for further details.
ERROR StatusLogger Log4j2 could not find a logging implementation. Please add log4j-core to the classpath. Using SimpleLogger to log to the console...
Jan 13, 2025 4:16:48 PM org.openqa.selenium.devtools.CdpVersionFinder findNearestMatch
WARNING: Unable to find CDP implementation matching 131
Jan 13, 2025 4:16:48 PM org.openqa.selenium.chromium.ChromiumDriver lambda$new$5
WARNING: Unable to find version of CDP to use for 131.0.2903.146. You may need to include a dependency on a specific version of the CDP using something similar to `org.seleniumhq.selenium:selenium-devtools-v86:4.20.0` where the version ("v86") matches the version of the chromium-based browser you're using and the version number of the artifact is the same as Selenium's.
]]></system-err>
  </testcase>
  <testcase name="TC_002_Run[uft automation, Mumbai](1)" classname="actionsteps.Driver" time="27.876">
    <system-out><![CDATA[Info --> Test Start : TC_002_Run
Passed --> Website nakridotcom launched successfully
Info --> Job Search For : uft automation Mumbai
Info --> Job Results For uft automation Mumbai
Passed --> Test Success : TC_002_Run
]]></system-out>
  </testcase>
  <testcase name="TC_002_Run[selenium testing, Mumbai](2)" classname="actionsteps.Driver" time="17.386">
    <system-out><![CDATA[Info --> Test Start : TC_002_Run
Passed --> Website nakridotcom launched successfully
Info --> Job Search For : selenium testing Mumbai
Info --> Job Results For selenium testing Mumbai
Passed --> Test Success : TC_002_Run
]]></system-out>
  </testcase>
  <testcase name="TC_003_Run" classname="actionsteps.Driver" time="12.6">
    <system-out><![CDATA[Info --> Test Start : TC_003_Run
Passed --> Job Results Exported To Excel
Info --> Summary Report Format Successfull
Info --> Saving JobReportSummary by local date format
Info --> Saved To E:\SeleniumProjects\NaukriApiMvn1\Automation\TestReport\JobSummaryReport_13-01-2025 16_16_38.xlsx
Passed --> Test Success : TC_003_Run
]]></system-out>
  </testcase>
  <testcase name="TC_004_Run" classname="actionsteps.Driver" time="59.293">
    <system-out><![CDATA[Info --> Test Start : TC_004_Run
HTTP/1.1 201 Created
X-Powered-By: Express
Vary: Origin, X-HTTP-Method-Override, Accept-Encoding
Access-Control-Allow-Credentials: true
Cache-Control: no-cache
Pragma: no-cache
Expires: -1
Access-Control-Expose-Headers: Location
Location: http://localhost:3000/jobs/1
X-Content-Type-Options: nosniff
Content-Type: application/json; charset=utf-8
Content-Length: 352
ETag: W/"160-EXOEDpA+68H+4eAHzKvNcO2AwxM"
Date: Mon, 13 Jan 2025 10:48:05 GMT
Connection: keep-alive
Keep-Alive: timeout=5

{
    "Skill Expected": "qualitykiosk.co...",
    "Company Name": "Qualitykiosk Technologies",
    "Salary": "Not disclosed",
    "Experience": "1-5 Yrs",
    "Job Title": "Automation Tester (Selenium Webdriver) | Mumbai",
    "Expectation": "Interested candidates can share their updated resumes on shweta.awasthi",
    "Location": "Mumbai (All Areas)",
    "id": 1
}
HTTP/1.1 201 Created
X-Powered-By: Express
Vary: Origin, X-HTTP-Method-Override, Accept-Encoding
Access-Control-Allow-Credentials: true
Cache-Control: no-cache
Pragma: no-cache
Expires: -1
Access-Control-Expose-Headers: Location
Location: http://localhost:3000/jobs/2
X-Content-Type-Options: nosniff
Content-Type: application/json; charset=utf-8
Content-Length: 466
ETag: W/"1d2-xbnLhS8NKJEQG3elr07qIjjIye8"
Date: Mon, 13 Jan 2025 10:48:07 GMT
Connection: keep-alive
Keep-Alive: timeout=5

{
    "Skill Expected": "Maven,GIT,Business transformation,Debugging,System integration,Agile,Selenium,Test cases",
    "Company Name": "Yash Technologies",
    "Salary": "Not disclosed",
    "Experience": "3-7 Yrs",
    "Job Title": "Automation Tester-Java Selenium Job",
    "Expectation": "Should be good in understanding Integrated system and derive System Integration test ca...",
    "Location": "Mumbai, Kolkata, New Delhi, Hyderabad, Pune, Chennai, Bengaluru",
    "id": 2
}
HTTP/1.1 201 Created
X-Powered-By: Express
Vary: Origin, X-HTTP-Method-Override, Accept-Encoding
Access-Control-Allow-Credentials: true
Cache-Control: no-cache
Pragma: no-cache
Expires: -1
Access-Control-Expose-Headers: Location
Location: http://localhost:3000/jobs/3
X-Content-Type-Options: nosniff
Content-Type: application/json; charset=utf-8
Content-Length: 470
ETag: W/"1d6-nZxEbSv5xIZ9CSV5k6lemKFidWY"
Date: Mon, 13 Jan 2025 10:48:10 GMT
Connection: keep-alive
Keep-Alive: timeout=5

{
    "Skill Expected": "Administration,Automation,Automation testing,Testing tools,Programming,Selenium,Application software,Enterprise software",
    "Company Name": "mspring infotech",
    "Salary": "Not disclosed",
    "Experience": "1-3 Yrs",
    "Job Title": "Automation Tester - Selenium",
    "Expectation": "Must possess critical thinking skills in addition to good interpersonal and communicati...",
    "Location": "Mumbai, Hyderabad, Pune, Chennai, Bengaluru",
    "id": 3
}
HTTP/1.1 201 Created
X-Powered-By: Express
Vary: Origin, X-HTTP-Method-Override, Accept-Encoding
Access-Control-Allow-Credentials: true
Cache-Control: no-cache
Pragma: no-cache
Expires: -1
Access-Control-Expose-Headers: Location
Location: http://localhost:3000/jobs/4
X-Content-Type-Options: nosniff
Content-Type: application/json; charset=utf-8
Content-Length: 366
ETag: W/"16e-IA25+COOej0b9Wk87CNncpfk+ac"
Date: Mon, 13 Jan 2025 10:48:12 GMT
Connection: keep-alive
Keep-Alive: timeout=5

{
    "Skill Expected": "Automation,Selenium,Testing,Selenium Testing,Software testing",
    "Company Name": "Mclene Soft Solutions",
    "Salary": "Not disclosed",
    "Experience": "2-7 Yrs",
    "Job Title": "Selenium Tester",
    "Expectation": "Solid understanding of Automation Frameworks Data Driven, Keyword Driven. Clear underst...",
    "Location": "Mumbai",
    "id": 4
}
HTTP/1.1 201 Created
X-Powered-By: Express
Vary: Origin, X-HTTP-Method-Override, Accept-Encoding
Access-Control-Allow-Credentials: true
Cache-Control: no-cache
Pragma: no-cache
Expires: -1
Access-Control-Expose-Headers: Location
Location: http://localhost:3000/jobs/5
X-Content-Type-Options: nosniff
Content-Type: application/json; charset=utf-8
Content-Length: 406
ETag: W/"196-WArE/xKhDefZ5BZDPDt3hv1xXwE"
Date: Mon, 13 Jan 2025 10:48:14 GMT
Connection: keep-alive
Keep-Alive: timeout=5

{
    "Skill Expected": "automation framework,NUnit,Manual testing,Coding,Analytical,Agile,Software development life cycle,Selenium",
    "Company Name": "Overture Rede",
    "Salary": "Not disclosed",
    "Experience": "3-6 Yrs",
    "Job Title": "Selenium C# Tester",
    "Expectation": "3+ years of experience with Strong knowledge on Manual testing process, Agilemethodolog...",
    "Location": "Mumbai",
    "id": 5
}
HTTP/1.1 201 Created
X-Powered-By: Express
Vary: Origin, X-HTTP-Method-Override, Accept-Encoding
Access-Control-Allow-Credentials: true
Cache-Control: no-cache
Pragma: no-cache
Expires: -1
Access-Control-Expose-Headers: Location
Location: http://localhost:3000/jobs/6
X-Content-Type-Options: nosniff
Content-Type: application/json; charset=utf-8
Content-Length: 448
ETag: W/"1c0-eRkKvdV5iYMm0KsJz+q/oSZQe4M"
Date: Mon, 13 Jan 2025 10:48:16 GMT
Connection: keep-alive
Keep-Alive: timeout=5

{
    "Skill Expected": "Selenium With Java,Automation Testing,Selenium Java,Selenium Testing,Automation,Selenium,Java,Software testing",
    "Company Name": "Infosys",
    "Salary": "Not disclosed",
    "Experience": "4-9 Yrs",
    "Job Title": "Automation Test Engineer..",
    "Expectation": "Analytical abilities, Strong Technical Skills, Good communication skills Good understan...",
    "Location": "Mumbai (All Areas), Bengaluru, Delhi / NCR",
    "id": 6
}
HTTP/1.1 201 Created
X-Powered-By: Express
Vary: Origin, X-HTTP-Method-Override, Accept-Encoding
Access-Control-Allow-Credentials: true
Cache-Control: no-cache
Pragma: no-cache
Expires: -1
Access-Control-Expose-Headers: Location
Location: http://localhost:3000/jobs/7
X-Content-Type-Options: nosniff
Content-Type: application/json; charset=utf-8
Content-Length: 416
ETag: W/"1a0-qHsuBVE7ieECOF+3xOns336JOQw"
Date: Mon, 13 Jan 2025 10:48:18 GMT
Connection: keep-alive
Keep-Alive: timeout=5

{
    "Skill Expected": "Computer science,Manager Quality Assurance,Version control,GIT,Test scripts,Javascript,HTML,Selenium",
    "Company Name": "TESTRIQ",
    "Salary": "Not disclosed",
    "Experience": "3-7 Yrs",
    "Job Title": "Automation Tester ( Java with Selenium )",
    "Expectation": ". Education: Bachelor s or Master s degree in Computer Science, Information Technology,...",
    "Location": "Mumbai",
    "id": 7
}
HTTP/1.1 201 Created
X-Powered-By: Express
Vary: Origin, X-HTTP-Method-Override, Accept-Encoding
Access-Control-Allow-Credentials: true
Cache-Control: no-cache
Pragma: no-cache
Expires: -1
Access-Control-Expose-Headers: Location
Location: http://localhost:3000/jobs/8
X-Content-Type-Options: nosniff
Content-Type: application/json; charset=utf-8
Content-Length: 468
ETag: W/"1d4-hhv951Oz692TriSqZ1h5DhPwZDA"
Date: Mon, 13 Jan 2025 10:48:20 GMT
Connection: keep-alive
Keep-Alive: timeout=5

{
    "Skill Expected": "Selenium Webdriver,Automation Testing,Java,Selenium Testing,Testing Engineer,Automation Test Engineer,Automation,Selenium",
    "Company Name": "3Di Systems",
    "Salary": "4-6.5 Lacs PA",
    "Experience": "2-4 Yrs",
    "Job Title": "Automation Test Engineer - Selenium Web Driver with Java",
    "Expectation": "Preferred candidate profile Well versed with Script Writing. 2+ years of hands on expe...",
    "Location": "Navi Mumbai, Thane",
    "id": 8
}
HTTP/1.1 201 Created
X-Powered-By: Express
Vary: Origin, X-HTTP-Method-Override, Accept-Encoding
Access-Control-Allow-Credentials: true
Cache-Control: no-cache
Pragma: no-cache
Expires: -1
Access-Control-Expose-Headers: Location
Location: http://localhost:3000/jobs/9
X-Content-Type-Options: nosniff
Content-Type: application/json; charset=utf-8
Content-Length: 398
ETag: W/"18e-LKvmPuXTNjyq91hNkE6NosS+w68"
Date: Mon, 13 Jan 2025 10:48:22 GMT
Connection: keep-alive
Keep-Alive: timeout=5

{
    "Skill Expected": "C#,SDET,Javascript,Automation Testing,Selenium,Typescript,API Testing,Automation",
    "Company Name": "Xoriant",
    "Salary": "Not disclosed",
    "Experience": "6-11 Yrs",
    "Job Title": "Automation Test Engineer",
    "Expectation": "3+ years hands on working with UI Automation tools like Selenium and modern tools like ...",
    "Location": "Mumbai, Pune, Bengaluru",
    "id": 9
}
HTTP/1.1 201 Created
X-Powered-By: Express
Vary: Origin, X-HTTP-Method-Override, Accept-Encoding
Access-Control-Allow-Credentials: true
Cache-Control: no-cache
Pragma: no-cache
Expires: -1
Access-Control-Expose-Headers: Location
Location: http://localhost:3000/jobs/10
X-Content-Type-Options: nosniff
Content-Type: application/json; charset=utf-8
Content-Length: 447
ETag: W/"1bf-LZnNR9VTsLe29pt2a2LOSl7tDH8"
Date: Mon, 13 Jan 2025 10:48:24 GMT
Connection: keep-alive
Keep-Alive: timeout=5

{
    "Skill Expected": "NUnit,Automation,Coding,Test design,API Testing,Agile,Selenium,Server architecture",
    "Company Name": "GAC Solutions",
    "Salary": "Not disclosed",
    "Experience": "2-5 Yrs",
    "Job Title": "Selenium Testing Engineer",
    "Expectation": "Must have minimum 1 of these in the order of preference . Good experience about softwar...",
    "Location": "Mumbai, Kolkata, New Delhi, Hyderabad, Pune, Chennai, Bengaluru",
    "id": 10
}
HTTP/1.1 201 Created
X-Powered-By: Express
Vary: Origin, X-HTTP-Method-Override, Accept-Encoding
Access-Control-Allow-Credentials: true
Cache-Control: no-cache
Pragma: no-cache
Expires: -1
Access-Control-Expose-Headers: Location
Location: http://localhost:3000/jobs/11
X-Content-Type-Options: nosniff
Content-Type: application/json; charset=utf-8
Content-Length: 472
ETag: W/"1d8-3yvXwSWt4y/62Jab6V3UHWnO/i0"
Date: Mon, 13 Jan 2025 10:48:26 GMT
Connection: keep-alive
Keep-Alive: timeout=5

{
    "Skill Expected": "Automation Testing,Selenium Automation,Selenium Java,Automation Selenium,Selenium Testing,Selenium Webdriver,Selenium With Java,Selenium",
    "Company Name": "BNP Paribas",
    "Salary": "50,000-80,000 PA",
    "Experience": "5-10 Yrs",
    "Job Title": "Automation Test Engineer",
    "Expectation": "Should be able to support design and maintenance of automation test frameworkShould be ...",
    "Location": "Hybrid - Mumbai (All Areas), Pune",
    "id": 11
}
HTTP/1.1 201 Created
X-Powered-By: Express
Vary: Origin, X-HTTP-Method-Override, Accept-Encoding
Access-Control-Allow-Credentials: true
Cache-Control: no-cache
Pragma: no-cache
Expires: -1
Access-Control-Expose-Headers: Location
Location: http://localhost:3000/jobs/12
X-Content-Type-Options: nosniff
Content-Type: application/json; charset=utf-8
Content-Length: 414
ETag: W/"19e-fZfohKZQ/XZ8Z5r3A70ewBfWv7E"
Date: Mon, 13 Jan 2025 10:48:28 GMT
Connection: keep-alive
Keep-Alive: timeout=5

{
    "Skill Expected": "uft,selenium ide,selenium testing,appium,software testing,regression testing,automation testing,cucumber",
    "Company Name": "CrossAsyst",
    "Salary": "Not disclosed",
    "Experience": "2-6 Yrs",
    "Job Title": "Automation Tester",
    "Expectation": "CrossAsyst Infotech Private Limited is looking for Automation Tester to join our dynami...",
    "Location": "Mumbai, Navi Mumbai",
    "id": 12
}
HTTP/1.1 201 Created
X-Powered-By: Express
Vary: Origin, X-HTTP-Method-Override, Accept-Encoding
Access-Control-Allow-Credentials: true
Cache-Control: no-cache
Pragma: no-cache
Expires: -1
Access-Control-Expose-Headers: Location
Location: http://localhost:3000/jobs/13
X-Content-Type-Options: nosniff
Content-Type: application/json; charset=utf-8
Content-Length: 471
ETag: W/"1d7-Zdz43empDrR6p1N8rRWQJnWx8Hw"
Date: Mon, 13 Jan 2025 10:48:31 GMT
Connection: keep-alive
Keep-Alive: timeout=5

{
    "Skill Expected": "automation framework,Web services,Test scripts,Testing tools,Coding,Debugging,Selenium,Test cases",
    "Company Name": "IBS Software Services",
    "Salary": "Not disclosed",
    "Experience": "3-8 Yrs",
    "Job Title": "Automation Tester Engineer",
    "Expectation": ". 2-6 years in Selenium automation tool with Java is must with good communication skill...",
    "Location": "Mumbai, Kolkata, New Delhi, Hyderabad, Pune, Chennai, Bengaluru",
    "id": 13
}
HTTP/1.1 201 Created
X-Powered-By: Express
Vary: Origin, X-HTTP-Method-Override, Accept-Encoding
Access-Control-Allow-Credentials: true
Cache-Control: no-cache
Pragma: no-cache
Expires: -1
Access-Control-Expose-Headers: Location
Location: http://localhost:3000/jobs/14
X-Content-Type-Options: nosniff
Content-Type: application/json; charset=utf-8
Content-Length: 455
ETag: W/"1c7-hE7YAIFPs6d/e2L0v/x3zSRx5/M"
Date: Mon, 13 Jan 2025 10:48:33 GMT
Connection: keep-alive
Keep-Alive: timeout=5

{
    "Skill Expected": "automation framework,Automation,Linux,RDBMS,Performance testing,Windows,Selenium,Test cases",
    "Company Name": "GAC Solutions",
    "Salary": "Not disclosed",
    "Experience": "2-5 Yrs",
    "Job Title": "Automation Test Engineer",
    "Expectation": ". Must be hands-on in developing automation framework using Java, Selenium web driver S...",
    "Location": "Mumbai, Kolkata, New Delhi, Hyderabad, Pune, Chennai, Bengaluru",
    "id": 14
}
HTTP/1.1 201 Created
X-Powered-By: Express
Vary: Origin, X-HTTP-Method-Override, Accept-Encoding
Access-Control-Allow-Credentials: true
Cache-Control: no-cache
Pragma: no-cache
Expires: -1
Access-Control-Expose-Headers: Location
Location: http://localhost:3000/jobs/15
X-Content-Type-Options: nosniff
Content-Type: application/json; charset=utf-8
Content-Length: 460
ETag: W/"1cc-yEHXOzjI6Umcm1s4HMQJw/TgSzQ"
Date: Mon, 13 Jan 2025 10:48:35 GMT
Connection: keep-alive
Keep-Alive: timeout=5

{
    "Skill Expected": "Computer science,Manager Quality Assurance,Data management,Analytical,System integration,Agile,Selenium,Test cases",
    "Company Name": "Neal Analytics",
    "Salary": "Not disclosed",
    "Experience": "3-8 Yrs",
    "Job Title": "Data and Automation Test Engineer",
    "Expectation": "The Quality Assurance Engineer will join our team and support the deployment and...",
    "Location": "Mumbai, Pune, Chennai, Gurugram, Bengaluru",
    "id": 15
}
HTTP/1.1 201 Created
X-Powered-By: Express
Vary: Origin, X-HTTP-Method-Override, Accept-Encoding
Access-Control-Allow-Credentials: true
Cache-Control: no-cache
Pragma: no-cache
Expires: -1
Access-Control-Expose-Headers: Location
Location: http://localhost:3000/jobs/16
X-Content-Type-Options: nosniff
Content-Type: application/json; charset=utf-8
Content-Length: 496
ETag: W/"1f0-P5oKMyOwrBjT+w7Bxt5zs0zYpmk"
Date: Mon, 13 Jan 2025 10:48:37 GMT
Connection: keep-alive
Keep-Alive: timeout=5

{
    "Skill Expected": "automation framework,Backend,Test scripts,Testing tools,Functional testing,Test execution,Performance testing,ui automation",
    "Company Name": "Infobahn Softworld",
    "Salary": "Not disclosed",
    "Experience": "6-8 Yrs",
    "Job Title": "Automation and Test Engineer",
    "Expectation": "Should be strong in setting up automation framework from scratch in both backend API / ...",
    "Location": "Mumbai, Kolkata, New Delhi, Hyderabad, Pune, Chennai, Bengaluru",
    "id": 16
}
HTTP/1.1 201 Created
X-Powered-By: Express
Vary: Origin, X-HTTP-Method-Override, Accept-Encoding
Access-Control-Allow-Credentials: true
Cache-Control: no-cache
Pragma: no-cache
Expires: -1
Access-Control-Expose-Headers: Location
Location: http://localhost:3000/jobs/17
X-Content-Type-Options: nosniff
Content-Type: application/json; charset=utf-8
Content-Length: 415
ETag: W/"19f-i5qTkXwZZzo2unoOkRCGOWSkwFc"
Date: Mon, 13 Jan 2025 10:48:39 GMT
Connection: keep-alive
Keep-Alive: timeout=5

{
    "Skill Expected": "cucumber,unit testing,jdbc,docker,pom,emission,java,git",
    "Company Name": "Greenlots",
    "Salary": "Not disclosed",
    "Experience": "3-5 Yrs",
    "Job Title": "Test Automation Engineer II",
    "Expectation": "Work with the automation development team to build-out and enhance the test automati...",
    "Location": "Mumbai, Kolkata, New Delhi, Hyderabad, Pune, Chennai, Bengaluru",
    "id": 17
}
HTTP/1.1 201 Created
X-Powered-By: Express
Vary: Origin, X-HTTP-Method-Override, Accept-Encoding
Access-Control-Allow-Credentials: true
Cache-Control: no-cache
Pragma: no-cache
Expires: -1
Access-Control-Expose-Headers: Location
Location: http://localhost:3000/jobs/18
X-Content-Type-Options: nosniff
Content-Type: application/json; charset=utf-8
Content-Length: 483
ETag: W/"1e3-zMlJPWNqeKpjzeZMF7Ibv8w9mwg"
Date: Mon, 13 Jan 2025 10:48:41 GMT
Connection: keep-alive
Keep-Alive: timeout=5

{
    "Skill Expected": "automation framework,Automation testing,Web technologies,Test scripts,Cloud,Test scenarios,Test planning,Selenium",
    "Company Name": "CA One Tech",
    "Salary": "Not disclosed",
    "Experience": "3-6 Yrs",
    "Job Title": "Automation Testing (Selenium + Java)",
    "Expectation": "CA-One Tech Cloud Inc is looking for Automation Testing (Selenium + Java) to join o...",
    "Location": "Mumbai, Kolkata, New Delhi, Hyderabad, Pune, Chennai, Bengaluru",
    "id": 18
}
HTTP/1.1 201 Created
X-Powered-By: Express
Vary: Origin, X-HTTP-Method-Override, Accept-Encoding
Access-Control-Allow-Credentials: true
Cache-Control: no-cache
Pragma: no-cache
Expires: -1
Access-Control-Expose-Headers: Location
Location: http://localhost:3000/jobs/19
X-Content-Type-Options: nosniff
Content-Type: application/json; charset=utf-8
Content-Length: 522
ETag: W/"20a-OfSqFQQlkR+xzULRBmjlpoZbr0g"
Date: Mon, 13 Jan 2025 10:48:43 GMT
Connection: keep-alive
Keep-Alive: timeout=5

{
    "Skill Expected": "Automation testing,Manager Quality Assurance,Business transformation,digital content,Functional testing,Exploratory testing,Integration testing,Agile",
    "Company Name": "Yash Technologies",
    "Salary": "Not disclosed",
    "Experience": "3-7 Yrs",
    "Job Title": "Test Engineer - Automation Testing Job",
    "Expectation": "Bachelor s degree in computer programming, software development or related fields",
    "Location": "Mumbai, Kolkata, New Delhi, Hyderabad, Pune, Chennai, Bengaluru",
    "id": 19
}
HTTP/1.1 201 Created
X-Powered-By: Express
Vary: Origin, X-HTTP-Method-Override, Accept-Encoding
Access-Control-Allow-Credentials: true
Cache-Control: no-cache
Pragma: no-cache
Expires: -1
Access-Control-Expose-Headers: Location
Location: http://localhost:3000/jobs/20
X-Content-Type-Options: nosniff
Content-Type: application/json; charset=utf-8
Content-Length: 336
ETag: W/"150-UCWNAFPMeSrbwVoFKg1dVIoDV+0"
Date: Mon, 13 Jan 2025 10:48:45 GMT
Connection: keep-alive
Keep-Alive: timeout=5

{
    "Skill Expected": "automation testing,cucumber,manual testing,selenium,testng,selenium testing,appium,software testing",
    "Company Name": "Leading Client",
    "Salary": "Not disclosed",
    "Experience": "3-7 Yrs",
    "Job Title": "Automation Tester",
    "Expectation": "Test Specialist-Automation",
    "Location": "Mumbai",
    "id": 20
}
HTTP/1.1 201 Created
X-Powered-By: Express
Vary: Origin, X-HTTP-Method-Override, Accept-Encoding
Access-Control-Allow-Credentials: true
Cache-Control: no-cache
Pragma: no-cache
Expires: -1
Access-Control-Expose-Headers: Location
Location: http://localhost:3000/jobs/21
X-Content-Type-Options: nosniff
Content-Type: application/json; charset=utf-8
Content-Length: 428
ETag: W/"1ac-ckYe90dAayhkx46BDrzZ3PUXMwY"
Date: Mon, 13 Jan 2025 10:48:47 GMT
Connection: keep-alive
Keep-Alive: timeout=5

{
    "Skill Expected": "VB SCRIPT,Techno Functional,Uft Automation,Functional,Software testing,Test analysis,Techno,VB",
    "Company Name": "Quantum Leap Consulting",
    "Salary": "Not disclosed",
    "Experience": "5-10 Yrs",
    "Job Title": "Test Analyst",
    "Expectation": "UFT with VB script programming experience. Must have good analytical skillsEssential sk...",
    "Location": "Hybrid - Mumbai (All Areas)(Malad)",
    "id": 21
}
Passed --> Test Success : TC_004_Run
]]></system-out>
  </testcase>
  <testcase name="TC_005_Run" classname="actionsteps.Driver" time="5.456">
    <system-out><![CDATA[Info --> Test Start : TC_005_Run
Passed --> Email Sent Successfully
Passed --> Test Success : TC_005_Run
]]></system-out>
  </testcase>
</testsuite>